Analysis & Synthesis report for BB_SYSTEM
Fri Nov 05 14:32:11 2021
Quartus Prime Version 19.1.0 Build 670 09/22/2019 SJ Lite Edition


---------------------
; Table of Contents ;
---------------------
  1. Legal Notice
  2. Analysis & Synthesis Summary
  3. Analysis & Synthesis Settings
  4. Parallel Compilation
  5. Analysis & Synthesis Messages
  6. Analysis & Synthesis Suppressed Messages



----------------
; Legal Notice ;
----------------
Copyright (C) 2019  Intel Corporation. All rights reserved.
Your use of Intel Corporation's design tools, logic functions 
and other software and tools, and any partner logic 
functions, and any output files from any of the foregoing 
(including device programming or simulation files), and any 
associated documentation or information are expressly subject 
to the terms and conditions of the Intel Program License 
Subscription Agreement, the Intel Quartus Prime License Agreement,
the Intel FPGA IP License Agreement, or other applicable license
agreement, including, without limitation, that your use is for
the sole purpose of programming logic devices manufactured by
Intel and sold by Intel or its authorized distributors.  Please
refer to the applicable agreement for further details, at
https://fpgasoftware.intel.com/eula.



+----------------------------------------------------------------------------------+
; Analysis & Synthesis Summary                                                     ;
+------------------------------------+---------------------------------------------+
; Analysis & Synthesis Status        ; Failed - Fri Nov 05 14:32:11 2021           ;
; Quartus Prime Version              ; 19.1.0 Build 670 09/22/2019 SJ Lite Edition ;
; Revision Name                      ; BB_SYSTEM                                   ;
; Top-level Entity Name              ; BB_SYSTEM                                   ;
; Family                             ; Cyclone IV E                                ;
; Total logic elements               ; N/A until Partition Merge                   ;
;     Total combinational functions  ; N/A until Partition Merge                   ;
;     Dedicated logic registers      ; N/A until Partition Merge                   ;
; Total registers                    ; N/A until Partition Merge                   ;
; Total pins                         ; N/A until Partition Merge                   ;
; Total virtual pins                 ; N/A until Partition Merge                   ;
; Total memory bits                  ; N/A until Partition Merge                   ;
; Embedded Multiplier 9-bit elements ; N/A until Partition Merge                   ;
; Total PLLs                         ; N/A until Partition Merge                   ;
+------------------------------------+---------------------------------------------+


+------------------------------------------------------------------------------------------------------------+
; Analysis & Synthesis Settings                                                                              ;
+------------------------------------------------------------------+--------------------+--------------------+
; Option                                                           ; Setting            ; Default Value      ;
+------------------------------------------------------------------+--------------------+--------------------+
; Device                                                           ; EP4CE22F17C6       ;                    ;
; Top-level entity name                                            ; BB_SYSTEM          ; BB_SYSTEM          ;
; Family name                                                      ; Cyclone IV E       ; Cyclone V          ;
; Maximum processors allowed for parallel compilation              ; 4                  ;                    ;
; Use smart compilation                                            ; Off                ; Off                ;
; Enable parallel Assembler and Timing Analyzer during compilation ; On                 ; On                 ;
; Enable compact report table                                      ; Off                ; Off                ;
; Restructure Multiplexers                                         ; Auto               ; Auto               ;
; Create Debugging Nodes for IP Cores                              ; Off                ; Off                ;
; Preserve fewer node names                                        ; On                 ; On                 ;
; Intel FPGA IP Evaluation Mode                                    ; Enable             ; Enable             ;
; Verilog Version                                                  ; Verilog_2001       ; Verilog_2001       ;
; VHDL Version                                                     ; VHDL_1993          ; VHDL_1993          ;
; State Machine Processing                                         ; Auto               ; Auto               ;
; Safe State Machine                                               ; Off                ; Off                ;
; Extract Verilog State Machines                                   ; On                 ; On                 ;
; Extract VHDL State Machines                                      ; On                 ; On                 ;
; Ignore Verilog initial constructs                                ; Off                ; Off                ;
; Iteration limit for constant Verilog loops                       ; 5000               ; 5000               ;
; Iteration limit for non-constant Verilog loops                   ; 250                ; 250                ;
; Add Pass-Through Logic to Inferred RAMs                          ; On                 ; On                 ;
; Infer RAMs from Raw Logic                                        ; On                 ; On                 ;
; Parallel Synthesis                                               ; On                 ; On                 ;
; DSP Block Balancing                                              ; Auto               ; Auto               ;
; NOT Gate Push-Back                                               ; On                 ; On                 ;
; Power-Up Don't Care                                              ; On                 ; On                 ;
; Remove Redundant Logic Cells                                     ; Off                ; Off                ;
; Remove Duplicate Registers                                       ; On                 ; On                 ;
; Ignore CARRY Buffers                                             ; Off                ; Off                ;
; Ignore CASCADE Buffers                                           ; Off                ; Off                ;
; Ignore GLOBAL Buffers                                            ; Off                ; Off                ;
; Ignore ROW GLOBAL Buffers                                        ; Off                ; Off                ;
; Ignore LCELL Buffers                                             ; Off                ; Off                ;
; Ignore SOFT Buffers                                              ; On                 ; On                 ;
; Limit AHDL Integers to 32 Bits                                   ; Off                ; Off                ;
; Optimization Technique                                           ; Balanced           ; Balanced           ;
; Carry Chain Length                                               ; 70                 ; 70                 ;
; Auto Carry Chains                                                ; On                 ; On                 ;
; Auto Open-Drain Pins                                             ; On                 ; On                 ;
; Perform WYSIWYG Primitive Resynthesis                            ; Off                ; Off                ;
; Auto ROM Replacement                                             ; On                 ; On                 ;
; Auto RAM Replacement                                             ; On                 ; On                 ;
; Auto DSP Block Replacement                                       ; On                 ; On                 ;
; Auto Shift Register Replacement                                  ; Auto               ; Auto               ;
; Allow Shift Register Merging across Hierarchies                  ; Auto               ; Auto               ;
; Auto Clock Enable Replacement                                    ; On                 ; On                 ;
; Strict RAM Replacement                                           ; Off                ; Off                ;
; Allow Synchronous Control Signals                                ; On                 ; On                 ;
; Force Use of Synchronous Clear Signals                           ; Off                ; Off                ;
; Auto RAM Block Balancing                                         ; On                 ; On                 ;
; Auto RAM to Logic Cell Conversion                                ; Off                ; Off                ;
; Auto Resource Sharing                                            ; Off                ; Off                ;
; Allow Any RAM Size For Recognition                               ; Off                ; Off                ;
; Allow Any ROM Size For Recognition                               ; Off                ; Off                ;
; Allow Any Shift Register Size For Recognition                    ; Off                ; Off                ;
; Use LogicLock Constraints during Resource Balancing              ; On                 ; On                 ;
; Ignore translate_off and synthesis_off directives                ; Off                ; Off                ;
; Timing-Driven Synthesis                                          ; On                 ; On                 ;
; Report Parameter Settings                                        ; On                 ; On                 ;
; Report Source Assignments                                        ; On                 ; On                 ;
; Report Connectivity Checks                                       ; On                 ; On                 ;
; Ignore Maximum Fan-Out Assignments                               ; Off                ; Off                ;
; Synchronization Register Chain Length                            ; 2                  ; 2                  ;
; Power Optimization During Synthesis                              ; Normal compilation ; Normal compilation ;
; HDL message level                                                ; Level2             ; Level2             ;
; Suppress Register Optimization Related Messages                  ; Off                ; Off                ;
; Number of Removed Registers Reported in Synthesis Report         ; 5000               ; 5000               ;
; Number of Swept Nodes Reported in Synthesis Report               ; 5000               ; 5000               ;
; Number of Inverted Registers Reported in Synthesis Report        ; 100                ; 100                ;
; Clock MUX Protection                                             ; On                 ; On                 ;
; Auto Gated Clock Conversion                                      ; Off                ; Off                ;
; Block Design Naming                                              ; Auto               ; Auto               ;
; SDC constraint protection                                        ; Off                ; Off                ;
; Synthesis Effort                                                 ; Auto               ; Auto               ;
; Shift Register Replacement - Allow Asynchronous Clear Signal     ; On                 ; On                 ;
; Pre-Mapping Resynthesis Optimization                             ; Off                ; Off                ;
; Analysis & Synthesis Message Level                               ; Medium             ; Medium             ;
; Disable Register Merging Across Hierarchies                      ; Auto               ; Auto               ;
; Resource Aware Inference For Block RAM                           ; On                 ; On                 ;
+------------------------------------------------------------------+--------------------+--------------------+


+------------------------------------------+
; Parallel Compilation                     ;
+----------------------------+-------------+
; Processors                 ; Number      ;
+----------------------------+-------------+
; Number detected on machine ; 8           ;
; Maximum allowed            ; 4           ;
;                            ;             ;
; Average used               ; 1.00        ;
; Maximum used               ; 1           ;
;                            ;             ;
; Usage by Processor         ; % Time Used ;
;     Processor 1            ; 100.0%      ;
+----------------------------+-------------+


+-------------------------------+
; Analysis & Synthesis Messages ;
+-------------------------------+
Info: *******************************************************************
Info: Running Quartus Prime Analysis & Synthesis
    Info: Version 19.1.0 Build 670 09/22/2019 SJ Lite Edition
    Info: Processing started: Fri Nov 05 14:32:04 2021
Info: Command: quartus_map --read_settings_files=on --write_settings_files=off BB_SYSTEM -c BB_SYSTEM
Info (20032): Parallel compilation is enabled and will use up to 4 processors
Info (12021): Found 1 design units, including 1 entities, in source file rtl/sc_statemachinebackg.v
    Info (12023): Found entity 1: SC_STATEMACHINEBACKG File: C:/Users/wartr/Documents/PRJ0_EJEMPLO_1/rtl/SC_STATEMACHINEBACKG.v Line: 21
Info (12021): Found 1 design units, including 1 entities, in source file rtl/sc_regbackgtype.v
    Info (12023): Found entity 1: SC_RegBACKGTYPE File: C:/Users/wartr/Documents/PRJ0_EJEMPLO_1/rtl/SC_RegBACKGTYPE.v Line: 21
Info (12021): Found 1 design units, including 1 entities, in source file rtl/sc_statemachinepoint.v
    Info (12023): Found entity 1: SC_STATEMACHINEPOINT File: C:/Users/wartr/Documents/PRJ0_EJEMPLO_1/rtl/SC_STATEMACHINEPOINT.v Line: 21
Info (12021): Found 1 design units, including 1 entities, in source file rtl/sc_regpointtype.v
    Info (12023): Found entity 1: SC_RegPOINTTYPE File: C:/Users/wartr/Documents/PRJ0_EJEMPLO_1/rtl/SC_RegPOINTTYPE.v Line: 21
Info (12021): Found 1 design units, including 1 entities, in source file rtl/cc_bottomsidecomparator.v
    Info (12023): Found entity 1: CC_BOTTOMSIDECOMPARATOR File: C:/Users/wartr/Documents/PRJ0_EJEMPLO_1/rtl/CC_BOTTOMSIDECOMPARATOR.v Line: 21
Info (12021): Found 1 design units, including 1 entities, in source file rtl/sc_upcounter.v
    Info (12023): Found entity 1: SC_upCOUNTER File: C:/Users/wartr/Documents/PRJ0_EJEMPLO_1/rtl/SC_upCOUNTER.v Line: 21
Info (12021): Found 1 design units, including 1 entities, in source file rtl/cc_sevenseg1.v
    Info (12023): Found entity 1: CC_SEVENSEG1 File: C:/Users/wartr/Documents/PRJ0_EJEMPLO_1/rtl/CC_SEVENSEG1.v Line: 24
Info (12021): Found 1 design units, including 1 entities, in source file rtl/cc_bin2bcd1.v
    Info (12023): Found entity 1: CC_BIN2BCD1 File: C:/Users/wartr/Documents/PRJ0_EJEMPLO_1/rtl/CC_BIN2BCD1.v Line: 19
Info (12021): Found 1 design units, including 1 entities, in source file rtl/sc_upspeedcounter.v
    Info (12023): Found entity 1: SC_upSPEEDCOUNTER File: C:/Users/wartr/Documents/PRJ0_EJEMPLO_1/rtl/SC_upSPEEDCOUNTER.v Line: 21
Info (12021): Found 1 design units, including 1 entities, in source file rtl/cc_speedcomparator.v
    Info (12023): Found entity 1: CC_SPEEDCOMPARATOR File: C:/Users/wartr/Documents/PRJ0_EJEMPLO_1/rtl/CC_SPEEDCOMPARATOR.v Line: 21
Info (12021): Found 1 design units, including 1 entities, in source file rtl/shift_reg_start_done.v
    Info (12023): Found entity 1: shift_reg_start_done File: C:/Users/wartr/Documents/PRJ0_EJEMPLO_1/rtl/shift_reg_start_done.v Line: 34
Info (12021): Found 1 design units, including 1 entities, in source file rtl/max7219_ctrl.v
    Info (12023): Found entity 1: matrix_ctrl File: C:/Users/wartr/Documents/PRJ0_EJEMPLO_1/rtl/max7219_ctrl.v Line: 18
Info (12021): Found 1 design units, including 1 entities, in source file rtl/sc_debounce1.v
    Info (12023): Found entity 1: SC_DEBOUNCE1 File: C:/Users/wartr/Documents/PRJ0_EJEMPLO_1/rtl/SC_DEBOUNCE1.v Line: 44
Info (12021): Found 1 design units, including 1 entities, in source file bb_system.v
    Info (12023): Found entity 1: BB_SYSTEM File: C:/Users/wartr/Documents/PRJ0_EJEMPLO_1/BB_SYSTEM.v Line: 21
Warning (10236): Verilog HDL Implicit Net warning at BB_SYSTEM.v(175): created implicit net for "BB_SYSTEM_upButton_InLow_cwire" File: C:/Users/wartr/Documents/PRJ0_EJEMPLO_1/BB_SYSTEM.v Line: 175
Warning (10236): Verilog HDL Implicit Net warning at BB_SYSTEM.v(178): created implicit net for "BB_SYSTEM_upButton_InLow" File: C:/Users/wartr/Documents/PRJ0_EJEMPLO_1/BB_SYSTEM.v Line: 178
Warning (10236): Verilog HDL Implicit Net warning at BB_SYSTEM.v(182): created implicit net for "BB_SYSTEM_downButton_InLow_cwire" File: C:/Users/wartr/Documents/PRJ0_EJEMPLO_1/BB_SYSTEM.v Line: 182
Warning (10236): Verilog HDL Implicit Net warning at BB_SYSTEM.v(185): created implicit net for "BB_SYSTEM_downButton_InLow" File: C:/Users/wartr/Documents/PRJ0_EJEMPLO_1/BB_SYSTEM.v Line: 185
Warning (10236): Verilog HDL Implicit Net warning at BB_SYSTEM.v(304): created implicit net for "BOTTOMSIDECOMPARATOR_2_STATEMACHINEPOINT_bottomside_cwire" File: C:/Users/wartr/Documents/PRJ0_EJEMPLO_1/BB_SYSTEM.v Line: 304
Warning (10236): Verilog HDL Implicit Net warning at BB_SYSTEM.v(485): created implicit net for "BB_SYSTEM_upButton_Out" File: C:/Users/wartr/Documents/PRJ0_EJEMPLO_1/BB_SYSTEM.v Line: 485
Warning (10236): Verilog HDL Implicit Net warning at BB_SYSTEM.v(486): created implicit net for "BB_SYSTEM_downButton_Out" File: C:/Users/wartr/Documents/PRJ0_EJEMPLO_1/BB_SYSTEM.v Line: 486
Critical Warning (10846): Verilog HDL Instantiation warning at BB_SYSTEM.v(548): instance has no name File: C:/Users/wartr/Documents/PRJ0_EJEMPLO_1/BB_SYSTEM.v Line: 548
Critical Warning (10846): Verilog HDL Instantiation warning at BB_SYSTEM.v(559): instance has no name File: C:/Users/wartr/Documents/PRJ0_EJEMPLO_1/BB_SYSTEM.v Line: 559
Info (12127): Elaborating entity "BB_SYSTEM" for the top level hierarchy
Warning (10036): Verilog HDL or VHDL warning at BB_SYSTEM.v(485): object "BB_SYSTEM_upButton_Out" assigned a value but never read File: C:/Users/wartr/Documents/PRJ0_EJEMPLO_1/BB_SYSTEM.v Line: 485
Warning (10036): Verilog HDL or VHDL warning at BB_SYSTEM.v(486): object "BB_SYSTEM_downButton_Out" assigned a value but never read File: C:/Users/wartr/Documents/PRJ0_EJEMPLO_1/BB_SYSTEM.v Line: 486
Warning (10030): Net "BB_SYSTEM_upButton_InLow" at BB_SYSTEM.v(178) has no driver or initial value, using a default initial value '0' File: C:/Users/wartr/Documents/PRJ0_EJEMPLO_1/BB_SYSTEM.v Line: 178
Warning (10030): Net "BB_SYSTEM_downButton_InLow" at BB_SYSTEM.v(185) has no driver or initial value, using a default initial value '0' File: C:/Users/wartr/Documents/PRJ0_EJEMPLO_1/BB_SYSTEM.v Line: 185
Info (12128): Elaborating entity "SC_DEBOUNCE1" for hierarchy "SC_DEBOUNCE1:SC_DEBOUNCE1_u0" File: C:/Users/wartr/Documents/PRJ0_EJEMPLO_1/BB_SYSTEM.v Line: 172
Warning (10230): Verilog HDL assignment warning at SC_DEBOUNCE1.v(70): truncated value with size 32 to match size of target (11) File: C:/Users/wartr/Documents/PRJ0_EJEMPLO_1/rtl/SC_DEBOUNCE1.v Line: 70
Info (12128): Elaborating entity "SC_RegPOINTTYPE" for hierarchy "SC_RegPOINTTYPE:SC_RegPOINTTYPE_u7" File: C:/Users/wartr/Documents/PRJ0_EJEMPLO_1/BB_SYSTEM.v Line: 215
Info (12128): Elaborating entity "SC_RegPOINTTYPE" for hierarchy "SC_RegPOINTTYPE:SC_RegPOINTTYPE_u6" File: C:/Users/wartr/Documents/PRJ0_EJEMPLO_1/BB_SYSTEM.v Line: 226
Info (12128): Elaborating entity "SC_STATEMACHINEPOINT" for hierarchy "SC_STATEMACHINEPOINT:SC_STATEMACHINEPOINT_u0" File: C:/Users/wartr/Documents/PRJ0_EJEMPLO_1/BB_SYSTEM.v Line: 308
Info (12128): Elaborating entity "SC_RegBACKGTYPE" for hierarchy "SC_RegBACKGTYPE:SC_RegBACKGTYPE_u7" File: C:/Users/wartr/Documents/PRJ0_EJEMPLO_1/BB_SYSTEM.v Line: 322
Info (12128): Elaborating entity "SC_RegBACKGTYPE" for hierarchy "SC_RegBACKGTYPE:SC_RegBACKGTYPE_u4" File: C:/Users/wartr/Documents/PRJ0_EJEMPLO_1/BB_SYSTEM.v Line: 352
Info (12128): Elaborating entity "SC_STATEMACHINEBACKG" for hierarchy "SC_STATEMACHINEBACKG:SC_STATEMACHINEBACKG_u0" File: C:/Users/wartr/Documents/PRJ0_EJEMPLO_1/BB_SYSTEM.v Line: 403
Info (10264): Verilog HDL Case Statement information at SC_STATEMACHINEBACKG.v(70): all case item expressions in this case statement are onehot File: C:/Users/wartr/Documents/PRJ0_EJEMPLO_1/rtl/SC_STATEMACHINEBACKG.v Line: 70
Info (12128): Elaborating entity "SC_upSPEEDCOUNTER" for hierarchy "SC_upSPEEDCOUNTER:SC_upSPEEDCOUNTER_u0" File: C:/Users/wartr/Documents/PRJ0_EJEMPLO_1/BB_SYSTEM.v Line: 413
Info (12128): Elaborating entity "CC_SPEEDCOMPARATOR" for hierarchy "CC_SPEEDCOMPARATOR:CC_SPEEDCOMPARATOR_u0" File: C:/Users/wartr/Documents/PRJ0_EJEMPLO_1/BB_SYSTEM.v Line: 418
Info (12128): Elaborating entity "CC_BOTTOMSIDECOMPARATOR" for hierarchy "CC_BOTTOMSIDECOMPARATOR:CC_BOTTOMSIDECOMPARATOR_u0" File: C:/Users/wartr/Documents/PRJ0_EJEMPLO_1/BB_SYSTEM.v Line: 426
Info (12128): Elaborating entity "matrix_ctrl" for hierarchy "matrix_ctrl:matrix_ctrl_unit_0" File: C:/Users/wartr/Documents/PRJ0_EJEMPLO_1/BB_SYSTEM.v Line: 459
Warning (10036): Verilog HDL or VHDL warning at max7219_ctrl.v(58): object "Trig_SignalNEG" assigned a value but never read File: C:/Users/wartr/Documents/PRJ0_EJEMPLO_1/rtl/max7219_ctrl.v Line: 58
Warning (10230): Verilog HDL assignment warning at max7219_ctrl.v(50): truncated value with size 32 to match size of target (4) File: C:/Users/wartr/Documents/PRJ0_EJEMPLO_1/rtl/max7219_ctrl.v Line: 50
Warning (10230): Verilog HDL assignment warning at max7219_ctrl.v(51): truncated value with size 32 to match size of target (4) File: C:/Users/wartr/Documents/PRJ0_EJEMPLO_1/rtl/max7219_ctrl.v Line: 51
Warning (10230): Verilog HDL assignment warning at max7219_ctrl.v(260): truncated value with size 32 to match size of target (4) File: C:/Users/wartr/Documents/PRJ0_EJEMPLO_1/rtl/max7219_ctrl.v Line: 260
Warning (10240): Verilog HDL Always Construct warning at max7219_ctrl.v(154): inferring latch(es) for variable "ctrl_sr", which holds its previous value in one or more paths through the always construct File: C:/Users/wartr/Documents/PRJ0_EJEMPLO_1/rtl/max7219_ctrl.v Line: 154
Warning (10230): Verilog HDL assignment warning at max7219_ctrl.v(278): truncated value with size 32 to match size of target (3) File: C:/Users/wartr/Documents/PRJ0_EJEMPLO_1/rtl/max7219_ctrl.v Line: 278
Info (10041): Inferred latch for "ctrl_sr[0]" at max7219_ctrl.v(154) File: C:/Users/wartr/Documents/PRJ0_EJEMPLO_1/rtl/max7219_ctrl.v Line: 154
Info (10041): Inferred latch for "ctrl_sr[1]" at max7219_ctrl.v(154) File: C:/Users/wartr/Documents/PRJ0_EJEMPLO_1/rtl/max7219_ctrl.v Line: 154
Info (12128): Elaborating entity "shift_reg_start_done" for hierarchy "matrix_ctrl:matrix_ctrl_unit_0|shift_reg_start_done:shift_reg_start_done_unit_0" File: C:/Users/wartr/Documents/PRJ0_EJEMPLO_1/rtl/max7219_ctrl.v Line: 109
Warning (10230): Verilog HDL assignment warning at shift_reg_start_done.v(69): truncated value with size 32 to match size of target (16) File: C:/Users/wartr/Documents/PRJ0_EJEMPLO_1/rtl/shift_reg_start_done.v Line: 69
Info (12128): Elaborating entity "CC_BIN2BCD1" for hierarchy "CC_BIN2BCD1:CC_BIN2BCD1_u0" File: C:/Users/wartr/Documents/PRJ0_EJEMPLO_1/BB_SYSTEM.v Line: 502
Warning (10230): Verilog HDL assignment warning at CC_BIN2BCD1.v(36): truncated value with size 32 to match size of target (4) File: C:/Users/wartr/Documents/PRJ0_EJEMPLO_1/rtl/CC_BIN2BCD1.v Line: 36
Warning (10230): Verilog HDL assignment warning at CC_BIN2BCD1.v(42): truncated value with size 32 to match size of target (4) File: C:/Users/wartr/Documents/PRJ0_EJEMPLO_1/rtl/CC_BIN2BCD1.v Line: 42
Warning (10230): Verilog HDL assignment warning at CC_BIN2BCD1.v(44): truncated value with size 32 to match size of target (4) File: C:/Users/wartr/Documents/PRJ0_EJEMPLO_1/rtl/CC_BIN2BCD1.v Line: 44
Info (12128): Elaborating entity "CC_SEVENSEG1" for hierarchy "CC_SEVENSEG1:CC_SEVENSEG1_u0" File: C:/Users/wartr/Documents/PRJ0_EJEMPLO_1/BB_SYSTEM.v Line: 521
Warning (10230): Verilog HDL assignment warning at CC_SEVENSEG1.v(40): truncated value with size 32 to match size of target (15) File: C:/Users/wartr/Documents/PRJ0_EJEMPLO_1/rtl/CC_SEVENSEG1.v Line: 40
Info (12128): Elaborating entity "SC_upCOUNTER" for hierarchy "SC_upCOUNTER:SC_upCOUNTER_u0" File: C:/Users/wartr/Documents/PRJ0_EJEMPLO_1/BB_SYSTEM.v Line: 529
Error (12006): Node instance "comb_152" instantiates undefined entity "SC_RegCRASH". Ensure that required library paths are specified correctly, define the specified entity, or change the instantiation. If this entity represents Intel FPGA or third-party IP, generate the synthesis files for the IP. File: C:/Users/wartr/Documents/PRJ0_EJEMPLO_1/BB_SYSTEM.v Line: 548
Error (12006): Node instance "comb_153" instantiates undefined entity "SC_RegLOSE". Ensure that required library paths are specified correctly, define the specified entity, or change the instantiation. If this entity represents Intel FPGA or third-party IP, generate the synthesis files for the IP. File: C:/Users/wartr/Documents/PRJ0_EJEMPLO_1/BB_SYSTEM.v Line: 559
Info (144001): Generated suppressed messages file C:/Users/wartr/Documents/PRJ0_EJEMPLO_1/BB_SYSTEM.map.smsg
Error: Quartus Prime Analysis & Synthesis was unsuccessful. 2 errors, 25 warnings
    Error: Peak virtual memory: 4706 megabytes
    Error: Processing ended: Fri Nov 05 14:32:12 2021
    Error: Elapsed time: 00:00:08
    Error: Total CPU time (on all processors): 00:00:19


+------------------------------------------+
; Analysis & Synthesis Suppressed Messages ;
+------------------------------------------+
The suppressed messages can be found in C:/Users/wartr/Documents/PRJ0_EJEMPLO_1/BB_SYSTEM.map.smsg.


